nohup: ignoring input
yarn run v1.22.21
$ concurrently "yarn start" "yarn start-backend"
[0] $ yarn workspace app start
[1] $ yarn workspace backend start
[1] $ backstage-cli package start
[0] $ backstage-cli package start
[0] Loaded config from app-config.yaml
[0] <i> [webpack-dev-server] Project is running at:
[0] <i> [webpack-dev-server] Loopback: http://127.0.0.1:3000/
[0] <i> [webpack-dev-server] Content not from webpack is served from '/home/ubuntu/mclane/packages/app/public' directory
[0] <i> [webpack-dev-server] 404s will fallback to '/index.html'
[1] Loaded config from app-config.yaml
[1] [2m2024-02-22T06:43:11.201Z[22m [34mbackstage[39m [32minfo[39m Found 3 new secrets in config that will be redacted 
[1] [2m2024-02-22T06:43:11.219Z[22m [34mbackstage[39m [32minfo[39m Created UrlReader predicateMux{readers=azure{host=dev.azure.com,authed=false},bitbucketCloud{host=bitbucket.org,authed=false},github{host=github.com,authed=false},gitlab{host=gitlab.com,authed=false},awsS3{host=amazonaws.com,authed=false},fetch{} 
[1] [2m2024-02-22T06:43:11.276Z[22m [34mcatalog[39m [32minfo[39m Performing database migration [36mtype[39m=plugin
[1] [2m2024-02-22T06:43:12.307Z[22m [34mauth[39m [32minfo[39m Configuring "database" as KeyStore provider [36mtype[39m=plugin
[1] [2m2024-02-22T06:43:12.362Z[22m [34mtechdocs[39m [32minfo[39m Creating Local publisher for TechDocs [36mtype[39m=plugin
[1] [2m2024-02-22T06:43:12.367Z[22m [34mproxy[39m [32minfo[39m [HPM] Proxy created: /nexus-repository-manager  -> https://apps.mclaneco.com/nexuspro/ [36mtype[39m=plugin
[1] [2m2024-02-22T06:43:12.368Z[22m [34mproxy[39m [32minfo[39m [HPM] Proxy rewrite rule created: "^/api/proxy/nexus-repository-manager/?" ~> "/" [36mtype[39m=plugin
[1] [2m2024-02-22T06:43:12.372Z[22m [34msearch[39m [32minfo[39m Added DefaultCatalogCollatorFactory collator factory for type software-catalog [36mtype[39m=plugin
[1] [2m2024-02-22T06:43:12.373Z[22m [34msearch[39m [32minfo[39m Added DefaultTechDocsCollatorFactory collator factory for type techdocs [36mtype[39m=plugin
[1] [2m2024-02-22T06:43:12.374Z[22m [34msearch[39m [32minfo[39m Starting all scheduled search tasks. [36mtype[39m=plugin
[1] [2m2024-02-22T06:43:12.536Z[22m [34mapp[39m [32minfo[39m Serving static app content from /home/ubuntu/mclane/packages/app/dist [36mtype[39m=plugin
[1] [2m2024-02-22T06:43:12.557Z[22m [34mbackstage[39m [32minfo[39m Task worker starting: search_index_software_catalog, {"version":2,"cadence":"PT10M","initialDelayDuration":"PT3S","timeoutAfterDuration":"PT15M"} [36mtype[39m=taskManager [36mtask[39m=search_index_software_catalog
[1] [2m2024-02-22T06:43:12.558Z[22m [34mbackstage[39m [32minfo[39m Task worker starting: search_index_techdocs, {"version":2,"cadence":"PT10M","initialDelayDuration":"PT3S","timeoutAfterDuration":"PT15M"} [36mtype[39m=taskManager [36mtask[39m=search_index_techdocs
[1] [2m2024-02-22T06:43:13.406Z[22m [34mapp[39m [32minfo[39m Replacing injected env config in module-backstage.f1c55eec.js [36mtype[39m=plugin
[1] [2m2024-02-22T06:43:13.445Z[22m [34mapp[39m [32minfo[39m Storing 0 updated assets and 289 new assets [36mtype[39m=plugin
[1] [2m2024-02-22T06:43:13.818Z[22m [34mbackstage[39m [32minfo[39m Listening on :7007 
[1] [2m2024-02-22T06:43:15.560Z[22m [34msearch[39m [32minfo[39m Collating documents for software-catalog via DefaultCatalogCollatorFactory [36mtype[39m=plugin [36mdocumentType[39m=software-catalog
[1] [2m2024-02-22T06:43:15.582Z[22m [34msearch[39m [32minfo[39m Collating documents for techdocs via DefaultTechDocsCollatorFactory [36mtype[39m=plugin [36mdocumentType[39m=techdocs
[1] [2m2024-02-22T06:43:15.627Z[22m [34mbackstage[39m [32minfo[39m ::ffff:127.0.0.1 - - [22/Feb/2024:06:43:15 +0000] "GET /api/catalog/entities?limit=500&filter=metadata.annotations.backstage.io%2Ftechdocs-ref&offset=0 HTTP/1.1" 200 2 "-" "node-fetch/1.0 (+https://github.com/bitinn/node-fetch)" [36mtype[39m=incomingRequest
[1] [2m2024-02-22T06:43:15.629Z[22m [34mbackstage[39m [32minfo[39m ::ffff:127.0.0.1 - - [22/Feb/2024:06:43:15 +0000] "GET /api/catalog/entities?limit=500&offset=0 HTTP/1.1" 200 - "-" "node-fetch/1.0 (+https://github.com/bitinn/node-fetch)" [36mtype[39m=incomingRequest
[1] [2m2024-02-22T06:43:15.636Z[22m [34msearch[39m [33mwarn[39m Index for techdocs was not created: indexer received 0 documents [36mtype[39m=plugin [36mdocumentType[39m=techdocs
[1] [2m2024-02-22T06:43:15.637Z[22m [34msearch[39m [32minfo[39m Collating documents for techdocs succeeded [36mtype[39m=plugin [36mdocumentType[39m=techdocs
[1] [2m2024-02-22T06:43:15.652Z[22m [34msearch[39m [32minfo[39m Collating documents for software-catalog succeeded [36mtype[39m=plugin [36mdocumentType[39m=software-catalog
[0] webpack compiled successfully
[1] [2m2024-02-22T06:53:15.753Z[22m [34msearch[39m [32minfo[39m Collating documents for techdocs via DefaultTechDocsCollatorFactory [36mtype[39m=plugin [36mdocumentType[39m=techdocs
[1] [2m2024-02-22T06:53:15.759Z[22m [34msearch[39m [32minfo[39m Collating documents for software-catalog via DefaultCatalogCollatorFactory [36mtype[39m=plugin [36mdocumentType[39m=software-catalog
[1] [2m2024-02-22T06:53:15.767Z[22m [34mbackstage[39m [32minfo[39m ::ffff:127.0.0.1 - - [22/Feb/2024:06:53:15 +0000] "GET /api/catalog/entities?limit=500&filter=metadata.annotations.backstage.io%2Ftechdocs-ref&offset=0 HTTP/1.1" 200 2 "-" "node-fetch/1.0 (+https://github.com/bitinn/node-fetch)" [36mtype[39m=incomingRequest
[1] [2m2024-02-22T06:53:15.769Z[22m [34msearch[39m [33mwarn[39m Index for techdocs was not created: indexer received 0 documents [36mtype[39m=plugin [36mdocumentType[39m=techdocs
[1] [2m2024-02-22T06:53:15.770Z[22m [34msearch[39m [32minfo[39m Collating documents for techdocs succeeded [36mtype[39m=plugin [36mdocumentType[39m=techdocs
[1] [2m2024-02-22T06:53:15.776Z[22m [34mbackstage[39m [32minfo[39m ::ffff:127.0.0.1 - - [22/Feb/2024:06:53:15 +0000] "GET /api/catalog/entities?limit=500&offset=0 HTTP/1.1" 200 - "-" "node-fetch/1.0 (+https://github.com/bitinn/node-fetch)" [36mtype[39m=incomingRequest
[1] [2m2024-02-22T06:53:15.784Z[22m [34msearch[39m [32minfo[39m Collating documents for software-catalog succeeded [36mtype[39m=plugin [36mdocumentType[39m=software-catalog
[1] [2m2024-02-22T07:03:15.879Z[22m [34msearch[39m [32minfo[39m Collating documents for techdocs via DefaultTechDocsCollatorFactory [36mtype[39m=plugin [36mdocumentType[39m=techdocs
[1] [2m2024-02-22T07:03:15.883Z[22m [34msearch[39m [32minfo[39m Collating documents for software-catalog via DefaultCatalogCollatorFactory [36mtype[39m=plugin [36mdocumentType[39m=software-catalog
[1] [2m2024-02-22T07:03:15.891Z[22m [34mbackstage[39m [32minfo[39m ::ffff:127.0.0.1 - - [22/Feb/2024:07:03:15 +0000] "GET /api/catalog/entities?limit=500&filter=metadata.annotations.backstage.io%2Ftechdocs-ref&offset=0 HTTP/1.1" 200 2 "-" "node-fetch/1.0 (+https://github.com/bitinn/node-fetch)" [36mtype[39m=incomingRequest
[1] [2m2024-02-22T07:03:15.892Z[22m [34msearch[39m [33mwarn[39m Index for techdocs was not created: indexer received 0 documents [36mtype[39m=plugin [36mdocumentType[39m=techdocs
[1] [2m2024-02-22T07:03:15.893Z[22m [34msearch[39m [32minfo[39m Collating documents for techdocs succeeded [36mtype[39m=plugin [36mdocumentType[39m=techdocs
[1] [2m2024-02-22T07:03:15.898Z[22m [34mbackstage[39m [32minfo[39m ::ffff:127.0.0.1 - - [22/Feb/2024:07:03:15 +0000] "GET /api/catalog/entities?limit=500&offset=0 HTTP/1.1" 200 - "-" "node-fetch/1.0 (+https://github.com/bitinn/node-fetch)" [36mtype[39m=incomingRequest
[1] [2m2024-02-22T07:03:15.905Z[22m [34msearch[39m [32minfo[39m Collating documents for software-catalog succeeded [36mtype[39m=plugin [36mdocumentType[39m=software-catalog
[1] [2m2024-02-22T07:13:16.023Z[22m [34msearch[39m [32minfo[39m Collating documents for techdocs via DefaultTechDocsCollatorFactory [36mtype[39m=plugin [36mdocumentType[39m=techdocs
[1] [2m2024-02-22T07:13:16.027Z[22m [34msearch[39m [32minfo[39m Collating documents for software-catalog via DefaultCatalogCollatorFactory [36mtype[39m=plugin [36mdocumentType[39m=software-catalog
[1] [2m2024-02-22T07:13:16.033Z[22m [34mbackstage[39m [32minfo[39m ::ffff:127.0.0.1 - - [22/Feb/2024:07:13:16 +0000] "GET /api/catalog/entities?limit=500&filter=metadata.annotations.backstage.io%2Ftechdocs-ref&offset=0 HTTP/1.1" 200 2 "-" "node-fetch/1.0 (+https://github.com/bitinn/node-fetch)" [36mtype[39m=incomingRequest
[1] [2m2024-02-22T07:13:16.036Z[22m [34msearch[39m [33mwarn[39m Index for techdocs was not created: indexer received 0 documents [36mtype[39m=plugin [36mdocumentType[39m=techdocs
[1] [2m2024-02-22T07:13:16.036Z[22m [34msearch[39m [32minfo[39m Collating documents for techdocs succeeded [36mtype[39m=plugin [36mdocumentType[39m=techdocs
[1] [2m2024-02-22T07:13:16.041Z[22m [34mbackstage[39m [32minfo[39m ::ffff:127.0.0.1 - - [22/Feb/2024:07:13:16 +0000] "GET /api/catalog/entities?limit=500&offset=0 HTTP/1.1" 200 - "-" "node-fetch/1.0 (+https://github.com/bitinn/node-fetch)" [36mtype[39m=incomingRequest
[1] [2m2024-02-22T07:13:16.048Z[22m [34msearch[39m [32minfo[39m Collating documents for software-catalog succeeded [36mtype[39m=plugin [36mdocumentType[39m=software-catalog
[0] Killed
[0] error Command failed with exit code 137.
[0] info Visit https://yarnpkg.com/en/docs/cli/run for documentation about this command.
[0] error Command failed.
[0] Exit code: 137
[0] Command: /home/ubuntu/.nvm/versions/node/v20.11.1/bin/node
[0] Arguments: /home/ubuntu/.yarn/releases/yarn-1.22.21.cjs start
[0] Directory: /home/ubuntu/mclane/packages/app
[0] Output:
[0] 
[0] info Visit https://yarnpkg.com/en/docs/cli/workspace for documentation about this command.
[0] error Command failed with exit code 137.
[0] info Visit https://yarnpkg.com/en/docs/cli/run for documentation about this command.
[0] yarn start exited with code 137
[1] yarn start-backend exited with code SIGHUP
